<?xml version="1.0" encoding="UTF-8"?>
<!-- Generated by org.testng.reporters.JUnitXMLReporter -->
<testsuite hostname="USABOS287366L" ignored="0" tests="5" failures="0" timestamp="15 Oct 2019 23:41:08 GMT" time="2.685" errors="0">
  <testcase name="deleteFileKey" time="2.183" classname="TestClass"/>
  <testcase name="deleteFileNoKey" time="0.148" classname="TestClass"/>
  <testcase name="downloadFileKey" time="0.046" classname="TestClass"/>
  <testcase name="downloadFileNoKey" time="0.04" classname="TestClass"/>
  <testcase name="uploadFile" time="0.228" classname="TestClass"/>
</testsuite>
